{
  "RSpec": {
    "coverage": {
      "/Users/danielwork/Documents/GitHub/makers/week4/bmark/spec/features/feature_spec.rb": [
        1,
        null,
        1,
        1,
        1,
        1,
        1,
        1,
        null,
        null
      ],
      "/Users/danielwork/Documents/GitHub/makers/week4/bmark/spec/units/bookmark_spec.rb": [
        1,
        null,
        1,
        null,
        2,
        null,
        1,
        null,
        1,
        null,
        1,
        null,
        null,
        null,
        null,
        null,
        1,
        null,
        null,
        null,
        null,
        null,
        null
      ]
    },
    "timestamp": 1523283420
  }
}
