{
  "RSpec": {
    "coverage": {
      "/Users/samniechcial/Documents/Projects/bookmark/spec/features/creating_bookmarks_spec.rb": [
        null,
        null,
        1,
        null,
        1,
        1,
        1,
        1,
        1,
        null,
        1,
        null,
        null
      ],
      "/Users/samniechcial/Documents/Projects/bookmark/spec/features/displaying_bookmarks_spec.rb": [
        null,
        null,
        1,
        1,
        null,
        1,
        1,
        1,
        1,
        1,
        null,
        1,
        null,
        1,
        1,
        1,
        null,
        null
      ],
      "/Users/samniechcial/Documents/Projects/bookmark/spec/features/url_check_spec.rb": [
        null,
        null,
        1,
        1,
        1,
        1,
        1,
        null,
        1,
        null,
        null
      ],
      "/Users/samniechcial/Documents/Projects/bookmark/spec/units/bookmark_spec.rb": [
        null,
        null,
        1,
        1,
        null,
        1,
        1,
        1,
        1,
        1,
        null,
        1,
        null,
        null,
        null,
        1,
        null,
        null,
        null,
        1,
        1,
        1,
        null,
        1,
        null,
        null,
        null,
        1,
        1,
        1,
        1,
        null,
        1,
        null,
        null,
        null
      ]
    },
    "timestamp": 1523551143
  }
}
